Using pre-set license
Built from '2020.3/staging' branch; Version is '2020.3.6f1 (338bb68529b2) revision 3378102'; Using compiler version '192528614'; Build Type 'Release'
OS: 'Windows 10 Pro; OS build 19042.928; Version 2009; 64bit' Language: 'ru' Physical Memory: 11741 MB
BatchMode: 1, IsHumanControllingUs: 0, StartBugReporterOnCrash: 0, Is64bit: 1, IsPro: 0

 COMMAND LINE ARGUMENTS:
C:\Program Files\Unity\Hub\Editor\2020.3.6f1\Editor\Unity.exe
-adb2
-batchMode
-noUpm
-name
AssetImportWorker1
-projectPath
D:/GitProjects/Biotix Clone
-logFile
Logs/AssetImportWorker1.log
-srvPort
59724
Successfully changed project path to: D:/GitProjects/Biotix Clone
D:/GitProjects/Biotix Clone
Using Asset Import Pipeline V2.
Refreshing native plugins compatible for Editor in 90.86 ms, found 1 plugins.
Preloading 0 native plugins for Editor in 0.00 ms.
Initialize engine version: 2020.3.6f1 (338bb68529b2)
[Subsystems] Discovering subsystems at path C:/Program Files/Unity/Hub/Editor/2020.3.6f1/Editor/Data/Resources/UnitySubsystems
[Subsystems] Discovering subsystems at path D:/GitProjects/Biotix Clone/Assets
GfxDevice: creating device client; threaded=0
Direct3D:
    Version:  Direct3D 11.0 [level 11.1]
    Renderer: AMD Radeon R7 Graphics (ID=0x9874)
    Vendor:   
    VRAM:     5870 MB
    Driver:   27.20.14501.28009
Initialize mono
Mono path[0] = 'C:/Program Files/Unity/Hub/Editor/2020.3.6f1/Editor/Data/Managed'
Mono path[1] = 'C:/Program Files/Unity/Hub/Editor/2020.3.6f1/Editor/Data/MonoBleedingEdge/lib/mono/unityjit'
Mono config path = 'C:/Program Files/Unity/Hub/Editor/2020.3.6f1/Editor/Data/MonoBleedingEdge/etc'
Using monoOptions --debugger-agent=transport=dt_socket,embedding=1,server=y,suspend=n,address=127.0.0.1:56712
Begin MonoManager ReloadAssembly
Registering precompiled unity dll's ...
Register platform support module: C:/Program Files/Unity/Hub/Editor/2020.3.6f1/Editor/Data/PlaybackEngines/WindowsStandaloneSupport/UnityEditor.WindowsStandalone.Extensions.dll
Registered in 0.007609 seconds.
Native extension for WindowsStandalone target not found
Refreshing native plugins compatible for Editor in 95.69 ms, found 1 plugins.
Preloading 0 native plugins for Editor in 0.00 ms.
Mono: successfully reloaded assembly
- Completed reload, in  6.573 seconds
Platform modules already initialized, skipping
Registering precompiled user dll's ...
Registered in 0.002092 seconds.
Begin MonoManager ReloadAssembly
Native extension for WindowsStandalone target not found
Refreshing native plugins compatible for Editor in 95.28 ms, found 1 plugins.
Preloading 0 native plugins for Editor in 0.00 ms.
Mono: successfully reloaded assembly
- Completed reload, in  3.133 seconds
Platform modules already initialized, skipping
========================================================================
Worker process is ready to serve import requests
Launched and connected shader compiler UnityShaderCompiler.exe after 0.16 seconds
Refreshing native plugins compatible for Editor in 0.84 ms, found 1 plugins.
Preloading 0 native plugins for Editor in 0.00 ms.
Unloading 1809 Unused Serialized files (Serialized files now loaded: 0)
System memory in use before: 85.0 MB.
System memory in use after: 84.9 MB.

Unloading 24 unused Assets to reduce memory usage. Loaded Objects now: 2251.
Total: 7.161100 ms (FindLiveObjects: 0.992500 ms CreateObjectMapping: 0.342600 ms MarkObjects: 5.440800 ms  DeleteObjects: 0.381200 ms)

========================================================================
Received Import Request.
  path: Assets/gradient-blue-abstract-background_1159-3091.jpg
  artifactKey: Guid(0bf936e2c832a0b4e97e009ae97e3e72) Importer(815301076,1909f56bfc062723c751e8b465ee728b)
Start importing Assets/gradient-blue-abstract-background_1159-3091.jpg using Guid(0bf936e2c832a0b4e97e009ae97e3e72) Importer(815301076,1909f56bfc062723c751e8b465ee728b)  -> (artifact id: 'fd3a5c61d5d966c2d47aea1f85bd8ef8') in 1.057497 seconds
  Import took 1.065314 seconds .

========================================================================
Received Import Request.
  Time since last request: 0.144795 seconds.
  path: Assets/gradient-blue-abstract-background_1159-3091.jpg
  artifactKey: Guid(0bf936e2c832a0b4e97e009ae97e3e72) Importer(815301076,1909f56bfc062723c751e8b465ee728b)
Start importing Assets/gradient-blue-abstract-background_1159-3091.jpg using Guid(0bf936e2c832a0b4e97e009ae97e3e72) Importer(815301076,1909f56bfc062723c751e8b465ee728b)  -> (artifact id: 'fd3a5c61d5d966c2d47aea1f85bd8ef8') in 0.046300 seconds
  Import took 0.056866 seconds .

========================================================================
Received Prepare
Registering precompiled user dll's ...
Registered in 0.002126 seconds.
Begin MonoManager ReloadAssembly
Native extension for WindowsStandalone target not found
Refreshing native plugins compatible for Editor in 0.94 ms, found 1 plugins.
Preloading 0 native plugins for Editor in 0.00 ms.
Mono: successfully reloaded assembly
- Completed reload, in  3.033 seconds
Platform modules already initialized, skipping
Switching build target platform(5) subTarget(0) extendedPlatform(0) -> platform(9) subTarget(16777218) extendedPlatform(0)
Refreshing native plugins compatible for Editor in 1.20 ms, found 1 plugins.
Preloading 0 native plugins for Editor in 0.00 ms.
Unloading 1807 Unused Serialized files (Serialized files now loaded: 0)
System memory in use before: 88.0 MB.
System memory in use after: 88.0 MB.

Unloading 12 unused Assets to reduce memory usage. Loaded Objects now: 2261.
Total: 6.632700 ms (FindLiveObjects: 0.510900 ms CreateObjectMapping: 0.177600 ms MarkObjects: 5.626400 ms  DeleteObjects: 0.313800 ms)

AssetImportParameters requested are different than current active one (requested -> active):
  custom:graphics/normal-map-encoding: 01000000000000000000000000000000 -> 02000000000000000000000000000000
========================================================================
Received Prepare
Registering precompiled user dll's ...
Registered in 0.002218 seconds.
Begin MonoManager ReloadAssembly
Native extension for WindowsStandalone target not found
Refreshing native plugins compatible for Editor in 0.89 ms, found 1 plugins.
Preloading 0 native plugins for Editor in 0.00 ms.
Mono: successfully reloaded assembly
- Completed reload, in  2.781 seconds
Platform modules already initialized, skipping
Switching build target platform(5) subTarget(0) extendedPlatform(0) -> platform(9) subTarget(16777218) extendedPlatform(0)
Refreshing native plugins compatible for Editor in 0.97 ms, found 1 plugins.
Preloading 0 native plugins for Editor in 0.00 ms.
Unloading 1807 Unused Serialized files (Serialized files now loaded: 0)
System memory in use before: 88.1 MB.
System memory in use after: 88.0 MB.

Unloading 12 unused Assets to reduce memory usage. Loaded Objects now: 2265.
Total: 6.059000 ms (FindLiveObjects: 0.488600 ms CreateObjectMapping: 0.136000 ms MarkObjects: 5.086200 ms  DeleteObjects: 0.344200 ms)

AssetImportParameters requested are different than current active one (requested -> active):
  custom:graphics/normal-map-encoding: 01000000000000000000000000000000 -> 02000000000000000000000000000000
========================================================================
Received Import Request.
  Time since last request: 89.600097 seconds.
  path: Assets/Scenes/SampleScene.unity
  artifactKey: Guid(2cda990e2423bbf4892e6590ba056729) Importer(815301076,1909f56bfc062723c751e8b465ee728b)
Start importing Assets/Scenes/SampleScene.unity using Guid(2cda990e2423bbf4892e6590ba056729) Importer(815301076,1909f56bfc062723c751e8b465ee728b)  -> (artifact id: 'caf595eaeb10e7fcd37cdd758b995f25') in 0.040251 seconds
  Import took 0.047822 seconds .

========================================================================
Received Import Request.
  Time since last request: 2.286351 seconds.
  path: Assets/Scenes/SampleScene.unity
  artifactKey: Guid(2cda990e2423bbf4892e6590ba056729) Importer(815301076,1909f56bfc062723c751e8b465ee728b)
Start importing Assets/Scenes/SampleScene.unity using Guid(2cda990e2423bbf4892e6590ba056729) Importer(815301076,1909f56bfc062723c751e8b465ee728b)  -> (artifact id: 'c4554785bcf0e97c86453aaf81453b45') in 0.012574 seconds
  Import took 0.019784 seconds .

========================================================================
Received Import Request.
  Time since last request: 26.857156 seconds.
  path: Assets/Scenes/First.unity
  artifactKey: Guid(2cda990e2423bbf4892e6590ba056729) Importer(815301076,1909f56bfc062723c751e8b465ee728b)
Start importing Assets/Scenes/First.unity using Guid(2cda990e2423bbf4892e6590ba056729) Importer(815301076,1909f56bfc062723c751e8b465ee728b)  -> (artifact id: 'd912891749296de1e801543994cdb972') in 0.036791 seconds
  Import took 0.046529 seconds .

========================================================================
Received Import Request.
  Time since last request: 5.584718 seconds.
  path: Assets/Sprites/back-button.png
  artifactKey: Guid(5088cf1567e89d144a9f8615b0a15b2b) Importer(815301076,1909f56bfc062723c751e8b465ee728b)
Start importing Assets/Sprites/back-button.png using Guid(5088cf1567e89d144a9f8615b0a15b2b) Importer(815301076,1909f56bfc062723c751e8b465ee728b)  -> (artifact id: '6de5799c6d0887eb51afbdaa8c2c27fc') in 0.127014 seconds
  Import took 0.134607 seconds .

========================================================================
Received Import Request.
  Time since last request: 0.000465 seconds.
  path: Assets/Sprites/menu-icon.png
  artifactKey: Guid(bf11e6b933f86de4c9a8c1e7298cedb9) Importer(815301076,1909f56bfc062723c751e8b465ee728b)
Start importing Assets/Sprites/menu-icon.png using Guid(bf11e6b933f86de4c9a8c1e7298cedb9) Importer(815301076,1909f56bfc062723c751e8b465ee728b)  -> (artifact id: '4a03999df73ee9a7c9f7b46e43e9369b') in 0.055684 seconds
  Import took 0.062565 seconds .

========================================================================
Received Import Request.
  Time since last request: 0.000551 seconds.
  path: Assets/Sprites/menu-button.png
  artifactKey: Guid(44573f1e00c6a81449e887a550b85cbd) Importer(815301076,1909f56bfc062723c751e8b465ee728b)
Start importing Assets/Sprites/menu-button.png using Guid(44573f1e00c6a81449e887a550b85cbd) Importer(815301076,1909f56bfc062723c751e8b465ee728b)  -> (artifact id: '6e20e5609e7bc0ac76f833ac15776404') in 0.046295 seconds
  Import took 0.055872 seconds .

========================================================================
Received Import Request.
  Time since last request: 0.002005 seconds.
  path: Assets/Sprites/play-icon.png
  artifactKey: Guid(6ad9012f485089143bba3399b3d857f1) Importer(815301076,1909f56bfc062723c751e8b465ee728b)
Start importing Assets/Sprites/play-icon.png using Guid(6ad9012f485089143bba3399b3d857f1) Importer(815301076,1909f56bfc062723c751e8b465ee728b)  -> (artifact id: '4368425dbd6d2528a0a0b83f9a12899e') in 0.038521 seconds
  Import took 0.048371 seconds .

========================================================================
Received Import Request.
  Time since last request: 0.000435 seconds.
  path: Assets/Sprites/cell-border.png
  artifactKey: Guid(01cbacb6f03c21541869d292efafacfc) Importer(815301076,1909f56bfc062723c751e8b465ee728b)
Start importing Assets/Sprites/cell-border.png using Guid(01cbacb6f03c21541869d292efafacfc) Importer(815301076,1909f56bfc062723c751e8b465ee728b)  -> (artifact id: '70f06b6375895062a1def938c245b831') in 0.052177 seconds
  Import took 0.058895 seconds .

========================================================================
Received Import Request.
  Time since last request: 0.000526 seconds.
  path: Assets/Sprites/restart-icon.png
  artifactKey: Guid(7a74fd09ed36e944b812cbfaebd2b1c1) Importer(815301076,1909f56bfc062723c751e8b465ee728b)
Start importing Assets/Sprites/restart-icon.png using Guid(7a74fd09ed36e944b812cbfaebd2b1c1) Importer(815301076,1909f56bfc062723c751e8b465ee728b)  -> (artifact id: '395ccd2bf32ffa54397713f51f123128') in 0.040775 seconds
  Import took 0.049926 seconds .

========================================================================
Received Import Request.
  Time since last request: 0.000591 seconds.
  path: Assets/Sprites/cell-center.png
  artifactKey: Guid(c19854775f5ef52448a77ab9835214d5) Importer(815301076,1909f56bfc062723c751e8b465ee728b)
Start importing Assets/Sprites/cell-center.png using Guid(c19854775f5ef52448a77ab9835214d5) Importer(815301076,1909f56bfc062723c751e8b465ee728b)  -> (artifact id: '9958f1c7138f39fb540b38f1c1e77870') in 0.051209 seconds
  Import took 0.061888 seconds .

========================================================================
Received Import Request.
  Time since last request: 168.017162 seconds.
  path: Assets/Sprites/cell-border.png
  artifactKey: Guid(01cbacb6f03c21541869d292efafacfc) Importer(815301076,1909f56bfc062723c751e8b465ee728b)
Start importing Assets/Sprites/cell-border.png using Guid(01cbacb6f03c21541869d292efafacfc) Importer(815301076,1909f56bfc062723c751e8b465ee728b)  -> (artifact id: '92763d55fd167f4a0f33e99e40310df2') in 0.050376 seconds
  Import took 0.059479 seconds .

========================================================================
Received Import Request.
  Time since last request: 23.841381 seconds.
  path: Assets/Sprites/cell-border.png
  artifactKey: Guid(01cbacb6f03c21541869d292efafacfc) Importer(815301076,1909f56bfc062723c751e8b465ee728b)
Start importing Assets/Sprites/cell-border.png using Guid(01cbacb6f03c21541869d292efafacfc) Importer(815301076,1909f56bfc062723c751e8b465ee728b)  -> (artifact id: '15930c3477b6a4b0c4d515b01e93a4d5') in 0.067586 seconds
  Import took 0.076189 seconds .

========================================================================
Received Import Request.
  Time since last request: 260.252834 seconds.
  path: ProjectSettings/TagManager.asset
  artifactKey: Guid(00000000000000003000000000000000) Importer(815301076,1909f56bfc062723c751e8b465ee728b)
Start importing ProjectSettings/TagManager.asset using Guid(00000000000000003000000000000000) Importer(815301076,1909f56bfc062723c751e8b465ee728b)  -> (artifact id: '5ff736e781c9396eb3a9ebe5d00f0cbb') in 0.025244 seconds
  Import took 0.032729 seconds .

========================================================================
Received Import Request.
  Time since last request: 0.192228 seconds.
  path: ProjectSettings/TagManager.asset
  artifactKey: Guid(00000000000000003000000000000000) Importer(815301076,1909f56bfc062723c751e8b465ee728b)
Start importing ProjectSettings/TagManager.asset using Guid(00000000000000003000000000000000) Importer(815301076,1909f56bfc062723c751e8b465ee728b)  -> (artifact id: '5ff736e781c9396eb3a9ebe5d00f0cbb') in 0.008936 seconds
  Import took 0.030143 seconds .

========================================================================
Received Import Request.
  Time since last request: 268.295188 seconds.
  path: Assets/Sprites
  artifactKey: Guid(4925c9cf1a93fb44da35dcb6a0960091) Importer(815301076,1909f56bfc062723c751e8b465ee728b)
Start importing Assets/Sprites using Guid(4925c9cf1a93fb44da35dcb6a0960091) Importer(815301076,1909f56bfc062723c751e8b465ee728b)  -> (artifact id: '1c3ded3200d76b1c2fd4f9451fb9b57a') in 0.020285 seconds
  Import took 0.028570 seconds .

========================================================================
Received Import Request.
  Time since last request: 7.852364 seconds.
  path: Assets/Sprites/cell-border.png
  artifactKey: Guid(01cbacb6f03c21541869d292efafacfc) Importer(815301076,1909f56bfc062723c751e8b465ee728b)
Start importing Assets/Sprites/cell-border.png using Guid(01cbacb6f03c21541869d292efafacfc) Importer(815301076,1909f56bfc062723c751e8b465ee728b)  -> (artifact id: 'ead0f30a48cc33728c986fae2d2e85ad') in 0.044068 seconds
  Import took 0.052566 seconds .

========================================================================
Received Import Request.
  Time since last request: 16.499686 seconds.
  path: Assets/Sprites/cell-border.png
  artifactKey: Guid(01cbacb6f03c21541869d292efafacfc) Importer(815301076,1909f56bfc062723c751e8b465ee728b)
Start importing Assets/Sprites/cell-border.png using Guid(01cbacb6f03c21541869d292efafacfc) Importer(815301076,1909f56bfc062723c751e8b465ee728b)  -> (artifact id: '15b63783a7b02c443072b7ec76a8334a') in 0.045610 seconds
  Import took 0.054463 seconds .

========================================================================
Received Import Request.
  Time since last request: 0.011467 seconds.
  path: Assets/Sprites/cell-border.png
  artifactKey: Guid(01cbacb6f03c21541869d292efafacfc) Importer(815301076,1909f56bfc062723c751e8b465ee728b)
Start importing Assets/Sprites/cell-border.png using Guid(01cbacb6f03c21541869d292efafacfc) Importer(815301076,1909f56bfc062723c751e8b465ee728b)  -> (artifact id: '15b63783a7b02c443072b7ec76a8334a') in 0.045259 seconds
  Import took 0.053662 seconds .

========================================================================
Received Import Request.
  Time since last request: 18.451836 seconds.
  path: Assets/Sprites/cell-border.png
  artifactKey: Guid(01cbacb6f03c21541869d292efafacfc) Importer(815301076,1909f56bfc062723c751e8b465ee728b)
Start importing Assets/Sprites/cell-border.png using Guid(01cbacb6f03c21541869d292efafacfc) Importer(815301076,1909f56bfc062723c751e8b465ee728b)  -> (artifact id: '489260f41b66afd05ea1526ce234170e') in 0.040165 seconds
  Import took 0.049525 seconds .

========================================================================
Received Import Request.
  Time since last request: 0.008890 seconds.
  path: Assets/Sprites/cell-border.png
  artifactKey: Guid(01cbacb6f03c21541869d292efafacfc) Importer(815301076,1909f56bfc062723c751e8b465ee728b)
Start importing Assets/Sprites/cell-border.png using Guid(01cbacb6f03c21541869d292efafacfc) Importer(815301076,1909f56bfc062723c751e8b465ee728b)  -> (artifact id: '489260f41b66afd05ea1526ce234170e') in 0.053598 seconds
  Import took 0.063253 seconds .

========================================================================
Received Import Request.
  Time since last request: 16.471676 seconds.
  path: Assets/Sprites/cell-border.png
  artifactKey: Guid(01cbacb6f03c21541869d292efafacfc) Importer(815301076,1909f56bfc062723c751e8b465ee728b)
Start importing Assets/Sprites/cell-border.png using Guid(01cbacb6f03c21541869d292efafacfc) Importer(815301076,1909f56bfc062723c751e8b465ee728b)  -> (artifact id: '9ece72497e3c68c87329e6e7ff3fb0a4') in 0.067206 seconds
  Import took 0.074671 seconds .

========================================================================
Received Import Request.
  Time since last request: 16.394913 seconds.
  path: Assets/Sprites/cell-center.png
  artifactKey: Guid(c19854775f5ef52448a77ab9835214d5) Importer(815301076,1909f56bfc062723c751e8b465ee728b)
Start importing Assets/Sprites/cell-center.png using Guid(c19854775f5ef52448a77ab9835214d5) Importer(815301076,1909f56bfc062723c751e8b465ee728b)  -> (artifact id: '676545b7776eba0bdbff0cea80c60dc6') in 0.049618 seconds
  Import took 0.058107 seconds .

========================================================================
Received Import Request.
  Time since last request: 10.799541 seconds.
  path: Assets/Sprites/cell-center.png
  artifactKey: Guid(c19854775f5ef52448a77ab9835214d5) Importer(815301076,1909f56bfc062723c751e8b465ee728b)
Start importing Assets/Sprites/cell-center.png using Guid(c19854775f5ef52448a77ab9835214d5) Importer(815301076,1909f56bfc062723c751e8b465ee728b)  -> (artifact id: '99d22364bf8c52a69252996443b0c58c') in 0.043510 seconds
  Import took 0.051455 seconds .

========================================================================
Received Import Request.
  Time since last request: 0.004169 seconds.
  path: Assets/Sprites/cell-center.png
  artifactKey: Guid(c19854775f5ef52448a77ab9835214d5) Importer(815301076,1909f56bfc062723c751e8b465ee728b)
Start importing Assets/Sprites/cell-center.png using Guid(c19854775f5ef52448a77ab9835214d5) Importer(815301076,1909f56bfc062723c751e8b465ee728b)  -> (artifact id: '99d22364bf8c52a69252996443b0c58c') in 0.047203 seconds
  Import took 0.055261 seconds .

========================================================================
Received Import Request.
  Time since last request: 122.955662 seconds.
  path: Assets/Sprites/cell-border.png
  artifactKey: Guid(01cbacb6f03c21541869d292efafacfc) Importer(815301076,1909f56bfc062723c751e8b465ee728b)
Start importing Assets/Sprites/cell-border.png using Guid(01cbacb6f03c21541869d292efafacfc) Importer(815301076,1909f56bfc062723c751e8b465ee728b)  -> (artifact id: '4e92f41ae39e9dd78823eb8faa95d2c9') in 0.065469 seconds
  Import took 0.075579 seconds .

========================================================================
Received Import Request.
  Time since last request: 72.367347 seconds.
  path: Assets/Sprites/cell-border.png
  artifactKey: Guid(01cbacb6f03c21541869d292efafacfc) Importer(815301076,1909f56bfc062723c751e8b465ee728b)
Start importing Assets/Sprites/cell-border.png using Guid(01cbacb6f03c21541869d292efafacfc) Importer(815301076,1909f56bfc062723c751e8b465ee728b)  -> (artifact id: 'a6229833ed528d2b681eb8e29f7f950c') in 0.040424 seconds
  Import took 0.048199 seconds .

========================================================================
Received Import Request.
  Time since last request: 0.019973 seconds.
  path: Assets/Sprites/cell-border.png
  artifactKey: Guid(01cbacb6f03c21541869d292efafacfc) Importer(815301076,1909f56bfc062723c751e8b465ee728b)
Start importing Assets/Sprites/cell-border.png using Guid(01cbacb6f03c21541869d292efafacfc) Importer(815301076,1909f56bfc062723c751e8b465ee728b)  -> (artifact id: 'a6229833ed528d2b681eb8e29f7f950c') in 0.047918 seconds
  Import took 0.057265 seconds .

========================================================================
Received Import Request.
  Time since last request: 15.516022 seconds.
  path: Assets/Sprites/cell-border.png
  artifactKey: Guid(01cbacb6f03c21541869d292efafacfc) Importer(815301076,1909f56bfc062723c751e8b465ee728b)
Start importing Assets/Sprites/cell-border.png using Guid(01cbacb6f03c21541869d292efafacfc) Importer(815301076,1909f56bfc062723c751e8b465ee728b)  -> (artifact id: '91f65ffec208c69f360411a72cd4e9ba') in 0.067859 seconds
  Import took 0.074618 seconds .

========================================================================
Received Import Request.
  Time since last request: 357.146147 seconds.
  path: Assets
  artifactKey: Guid(00000000000000001000000000000000) Importer(815301076,1909f56bfc062723c751e8b465ee728b)
Start importing Assets using Guid(00000000000000001000000000000000) Importer(815301076,1909f56bfc062723c751e8b465ee728b)  -> (artifact id: '2c602d4445bd9e0e517b9a7c882a2249') in 0.023715 seconds
  Import took 0.032093 seconds .

========================================================================
Received Import Request.
  Time since last request: 7.581534 seconds.
  path: Assets/Prefabs
  artifactKey: Guid(bec3a539f3bad044aa4c139725563f34) Importer(815301076,1909f56bfc062723c751e8b465ee728b)
Start importing Assets/Prefabs using Guid(bec3a539f3bad044aa4c139725563f34) Importer(815301076,1909f56bfc062723c751e8b465ee728b)  -> (artifact id: '1ea06acf823b75dbbf6bab1aceb9551b') in 0.021258 seconds
  Import took 0.048677 seconds .

========================================================================
Received Import Request.
  Time since last request: 4.468807 seconds.
  path: Assets/Prefabs/Cell.prefab
  artifactKey: Guid(9c31ec11f3f3e16409ad20b76b1f721c) Importer(815301076,1909f56bfc062723c751e8b465ee728b)
Start importing Assets/Prefabs/Cell.prefab using Guid(9c31ec11f3f3e16409ad20b76b1f721c) Importer(815301076,1909f56bfc062723c751e8b465ee728b)  -> (artifact id: 'ecff03eaf79dad0d6c76ad9146aef137') in 0.363333 seconds
  Import took 0.371707 seconds .

========================================================================
Received Import Request.
  Time since last request: 113.104882 seconds.
  path: Assets/Prefabs/Cell.prefab
  artifactKey: Guid(9c31ec11f3f3e16409ad20b76b1f721c) Importer(815301076,1909f56bfc062723c751e8b465ee728b)
Start importing Assets/Prefabs/Cell.prefab using Guid(9c31ec11f3f3e16409ad20b76b1f721c) Importer(815301076,1909f56bfc062723c751e8b465ee728b)  -> (artifact id: '517d35e8050e5f58e45349447df36189') in 0.075511 seconds
  Import took 0.083929 seconds .

========================================================================
Received Import Request.
  Time since last request: 500.378580 seconds.
  path: Assets/Prefabs/Cell.prefab
  artifactKey: Guid(9c31ec11f3f3e16409ad20b76b1f721c) Importer(815301076,1909f56bfc062723c751e8b465ee728b)
Start importing Assets/Prefabs/Cell.prefab using Guid(9c31ec11f3f3e16409ad20b76b1f721c) Importer(815301076,1909f56bfc062723c751e8b465ee728b)  -> (artifact id: 'dcce499f4e04f77a20ba2ab2aa342971') in 0.055090 seconds
  Import took 0.065145 seconds .

========================================================================
Received Import Request.
  Time since last request: 415.235546 seconds.
  path: Assets/Prefabs/Cell.prefab
  artifactKey: Guid(9c31ec11f3f3e16409ad20b76b1f721c) Importer(815301076,1909f56bfc062723c751e8b465ee728b)
Start importing Assets/Prefabs/Cell.prefab using Guid(9c31ec11f3f3e16409ad20b76b1f721c) Importer(815301076,1909f56bfc062723c751e8b465ee728b)  -> (artifact id: '5fa31fa08c19788454afef28494a8e05') in 0.071590 seconds
  Import took 0.079238 seconds .

========================================================================
Received Import Request.
  Time since last request: 0.000240 seconds.
  path: Assets/Prefabs/Cell.prefab
  artifactKey: Guid(9c31ec11f3f3e16409ad20b76b1f721c) Importer(815301076,1909f56bfc062723c751e8b465ee728b)
Start importing Assets/Prefabs/Cell.prefab using Guid(9c31ec11f3f3e16409ad20b76b1f721c) Importer(815301076,1909f56bfc062723c751e8b465ee728b)  -> (artifact id: '5fa31fa08c19788454afef28494a8e05') in 0.044143 seconds
  Import took 0.051967 seconds .

========================================================================
Received Import Request.
  Time since last request: 47.905106 seconds.
  path: Assets/Prefabs/Cell 10.prefab
  artifactKey: Guid(9c31ec11f3f3e16409ad20b76b1f721c) Importer(815301076,1909f56bfc062723c751e8b465ee728b)
Start importing Assets/Prefabs/Cell 10.prefab using Guid(9c31ec11f3f3e16409ad20b76b1f721c) Importer(815301076,1909f56bfc062723c751e8b465ee728b)  -> (artifact id: '3e12d88c50101bc6026f419b0df840f8') in 0.047929 seconds
  Import took 0.055700 seconds .

========================================================================
Received Import Request.
  Time since last request: 3.697936 seconds.
  path: Assets/Prefabs/Cell.prefab
  artifactKey: Guid(0b83ad5cd498a3b4bb698ff552aff2ae) Importer(815301076,1909f56bfc062723c751e8b465ee728b)
Start importing Assets/Prefabs/Cell.prefab using Guid(0b83ad5cd498a3b4bb698ff552aff2ae) Importer(815301076,1909f56bfc062723c751e8b465ee728b)  -> (artifact id: 'ea50fe5368234cb9a28f98157cfa96e3') in 0.040188 seconds
  Import took 0.050294 seconds .

========================================================================
Received Import Request.
  Time since last request: 32.178770 seconds.
  path: Assets/Prefabs/Cell 5.prefab
  artifactKey: Guid(9c31ec11f3f3e16409ad20b76b1f721c) Importer(815301076,1909f56bfc062723c751e8b465ee728b)
Start importing Assets/Prefabs/Cell 5.prefab using Guid(9c31ec11f3f3e16409ad20b76b1f721c) Importer(815301076,1909f56bfc062723c751e8b465ee728b)  -> (artifact id: 'b005eed591acebba79149e93db7510e6') in 0.048858 seconds
  Import took 0.057894 seconds .

========================================================================
Received Import Request.
  Time since last request: 3.892432 seconds.
  path: Assets/Prefabs/Cell 10.prefab
  artifactKey: Guid(0b83ad5cd498a3b4bb698ff552aff2ae) Importer(815301076,1909f56bfc062723c751e8b465ee728b)
Start importing Assets/Prefabs/Cell 10.prefab using Guid(0b83ad5cd498a3b4bb698ff552aff2ae) Importer(815301076,1909f56bfc062723c751e8b465ee728b)  -> (artifact id: '5c6efa42fd305c6106cde0dec2d19dee') in 0.042716 seconds
  Import took 0.050717 seconds .

========================================================================
Received Import Request.
  Time since last request: 32.259560 seconds.
  path: Assets/Prefabs/Cell.prefab
  artifactKey: Guid(27bab6b9f244c4b49a97f706c84b9894) Importer(815301076,1909f56bfc062723c751e8b465ee728b)
Start importing Assets/Prefabs/Cell.prefab using Guid(27bab6b9f244c4b49a97f706c84b9894) Importer(815301076,1909f56bfc062723c751e8b465ee728b)  -> (artifact id: 'a8b94a079219811d5ee2bf1598191791') in 0.039293 seconds
  Import took 0.048628 seconds .

========================================================================
Received Import Request.
  Time since last request: 2.983082 seconds.
  path: Assets/Prefabs/Cell 15.prefab
  artifactKey: Guid(27bab6b9f244c4b49a97f706c84b9894) Importer(815301076,1909f56bfc062723c751e8b465ee728b)
Start importing Assets/Prefabs/Cell 15.prefab using Guid(27bab6b9f244c4b49a97f706c84b9894) Importer(815301076,1909f56bfc062723c751e8b465ee728b)  -> (artifact id: 'c5a24f583ac756ab984ccb83494fdf83') in 0.048930 seconds
  Import took 0.056099 seconds .

========================================================================
Received Import Request.
  Time since last request: 157.981324 seconds.
  path: Assets/Prefabs/Cell.prefab
  artifactKey: Guid(5db83194441caf247bcab16880f75699) Importer(815301076,1909f56bfc062723c751e8b465ee728b)
Start importing Assets/Prefabs/Cell.prefab using Guid(5db83194441caf247bcab16880f75699) Importer(815301076,1909f56bfc062723c751e8b465ee728b)  -> (artifact id: 'aea12301a8021b0dd649842680866410') in 0.044218 seconds
  Import took 0.054790 seconds .

========================================================================
Received Import Request.
  Time since last request: 17.089565 seconds.
  path: Assets/Prefabs/Cell 0.prefab
  artifactKey: Guid(5db83194441caf247bcab16880f75699) Importer(815301076,1909f56bfc062723c751e8b465ee728b)
Start importing Assets/Prefabs/Cell 0.prefab using Guid(5db83194441caf247bcab16880f75699) Importer(815301076,1909f56bfc062723c751e8b465ee728b)  -> (artifact id: '8e79787b1eea13173ed97d1c67bf8253') in 0.061028 seconds
  Import took 0.068247 seconds .

========================================================================
Received Import Request.
  Time since last request: 4.797582 seconds.
  path: Assets/Prefabs/Cell Empty.prefab
  artifactKey: Guid(5db83194441caf247bcab16880f75699) Importer(815301076,1909f56bfc062723c751e8b465ee728b)
Start importing Assets/Prefabs/Cell Empty.prefab using Guid(5db83194441caf247bcab16880f75699) Importer(815301076,1909f56bfc062723c751e8b465ee728b)  -> (artifact id: '31f469c9d5e08d6f254dcf39bd80f0c8') in 0.060196 seconds
  Import took 0.068800 seconds .

========================================================================
Received Import Request.
  Time since last request: 47.124190 seconds.
  path: Assets/Prefabs/Cell.prefab
  artifactKey: Guid(4a5b9c4abf7a43245b0b1df8870d31b8) Importer(815301076,1909f56bfc062723c751e8b465ee728b)
Start importing Assets/Prefabs/Cell.prefab using Guid(4a5b9c4abf7a43245b0b1df8870d31b8) Importer(815301076,1909f56bfc062723c751e8b465ee728b)  -> (artifact id: 'f531c7a3970cecbb887f447b1cf58428') in 0.045291 seconds
  Import took 0.053616 seconds .

========================================================================
Received Import Request.
  Time since last request: 3.087274 seconds.
  path: Assets/Prefabs/Cell 60.prefab
  artifactKey: Guid(4a5b9c4abf7a43245b0b1df8870d31b8) Importer(815301076,1909f56bfc062723c751e8b465ee728b)
Start importing Assets/Prefabs/Cell 60.prefab using Guid(4a5b9c4abf7a43245b0b1df8870d31b8) Importer(815301076,1909f56bfc062723c751e8b465ee728b)  -> (artifact id: '24420ed7424e1ae9b66e5e58245ba65c') in 0.072507 seconds
  Import took 0.080701 seconds .

========================================================================
Received Import Request.
  Time since last request: 506.699806 seconds.
  path: Assets/Prefabs/Cell 60.prefab
  artifactKey: Guid(4a5b9c4abf7a43245b0b1df8870d31b8) Importer(815301076,1909f56bfc062723c751e8b465ee728b)
Start importing Assets/Prefabs/Cell 60.prefab using Guid(4a5b9c4abf7a43245b0b1df8870d31b8) Importer(815301076,1909f56bfc062723c751e8b465ee728b)  -> (artifact id: 'a477e03c8489afff18976f51ce6f7200') in 0.440106 seconds
  Import took 0.449603 seconds .

========================================================================
Received Prepare
Registering precompiled user dll's ...
Registered in 0.244300 seconds.
Begin MonoManager ReloadAssembly
Native extension for WindowsStandalone target not found
Refreshing native plugins compatible for Editor in 1.83 ms, found 1 plugins.
Preloading 0 native plugins for Editor in 0.00 ms.
Mono: successfully reloaded assembly
- Completed reload, in  3.668 seconds
Platform modules already initialized, skipping
Switching build target platform(5) subTarget(0) extendedPlatform(0) -> platform(9) subTarget(16777218) extendedPlatform(0)
Refreshing native plugins compatible for Editor in 0.98 ms, found 1 plugins.
Preloading 0 native plugins for Editor in 0.00 ms.
Unloading 1807 Unused Serialized files (Serialized files now loaded: 0)
System memory in use before: 88.2 MB.
System memory in use after: 88.2 MB.

Unloading 14 unused Assets to reduce memory usage. Loaded Objects now: 2277.
Total: 5.619200 ms (FindLiveObjects: 0.602300 ms CreateObjectMapping: 0.293900 ms MarkObjects: 4.395700 ms  DeleteObjects: 0.322400 ms)

AssetImportParameters requested are different than current active one (requested -> active):
  custom:graphics/normal-map-encoding: 01000000000000000000000000000000 -> 02000000000000000000000000000000
========================================================================
Received Prepare
Registering precompiled user dll's ...
Registered in 0.004581 seconds.
Begin MonoManager ReloadAssembly
Native extension for WindowsStandalone target not found
Refreshing native plugins compatible for Editor in 0.96 ms, found 1 plugins.
Preloading 0 native plugins for Editor in 0.00 ms.
Mono: successfully reloaded assembly
- Completed reload, in  2.609 seconds
Platform modules already initialized, skipping
Switching build target platform(5) subTarget(0) extendedPlatform(0) -> platform(9) subTarget(16777218) extendedPlatform(0)
Refreshing native plugins compatible for Editor in 1.07 ms, found 1 plugins.
Preloading 0 native plugins for Editor in 0.00 ms.
Unloading 1807 Unused Serialized files (Serialized files now loaded: 0)
System memory in use before: 88.2 MB.
System memory in use after: 88.2 MB.

Unloading 12 unused Assets to reduce memory usage. Loaded Objects now: 2281.
Total: 5.700100 ms (FindLiveObjects: 0.576400 ms CreateObjectMapping: 0.191000 ms MarkObjects: 4.572700 ms  DeleteObjects: 0.355100 ms)

AssetImportParameters requested are different than current active one (requested -> active):
  custom:graphics/normal-map-encoding: 01000000000000000000000000000000 -> 02000000000000000000000000000000
AssetImportWorkerClient::OnTransportError - code=2 error=End of file
