Using pre-set license
Built from '2020.3/staging' branch; Version is '2020.3.6f1 (338bb68529b2) revision 3378102'; Using compiler version '192528614'; Build Type 'Release'
OS: 'Windows 10 Pro; OS build 19042.985; Version 2009; 64bit' Language: 'ru' Physical Memory: 11741 MB
BatchMode: 1, IsHumanControllingUs: 0, StartBugReporterOnCrash: 0, Is64bit: 1, IsPro: 0

 COMMAND LINE ARGUMENTS:
C:\Program Files\Unity\Hub\Editor\2020.3.6f1\Editor\Unity.exe
-adb2
-batchMode
-noUpm
-name
AssetImportWorker9
-projectPath
D:/GitProjects/Biotix Clone
-logFile
Logs/AssetImportWorker9.log
-srvPort
57838
Successfully changed project path to: D:/GitProjects/Biotix Clone
D:/GitProjects/Biotix Clone
Using Asset Import Pipeline V2.
Refreshing native plugins compatible for Editor in 104.53 ms, found 1 plugins.
Preloading 0 native plugins for Editor in 0.00 ms.
Initialize engine version: 2020.3.6f1 (338bb68529b2)
[Subsystems] Discovering subsystems at path C:/Program Files/Unity/Hub/Editor/2020.3.6f1/Editor/Data/Resources/UnitySubsystems
[Subsystems] Discovering subsystems at path D:/GitProjects/Biotix Clone/Assets
GfxDevice: creating device client; threaded=0
Direct3D:
    Version:  Direct3D 11.0 [level 11.1]
    Renderer: AMD Radeon R7 Graphics (ID=0x9874)
    Vendor:   
    VRAM:     5870 MB
    Driver:   27.20.14501.28009
Initialize mono
Mono path[0] = 'C:/Program Files/Unity/Hub/Editor/2020.3.6f1/Editor/Data/Managed'
Mono path[1] = 'C:/Program Files/Unity/Hub/Editor/2020.3.6f1/Editor/Data/MonoBleedingEdge/lib/mono/unityjit'
Mono config path = 'C:/Program Files/Unity/Hub/Editor/2020.3.6f1/Editor/Data/MonoBleedingEdge/etc'
Using monoOptions --debugger-agent=transport=dt_socket,embedding=1,server=y,suspend=n,address=127.0.0.1:56764
Begin MonoManager ReloadAssembly
Registering precompiled unity dll's ...
Register platform support module: C:/Program Files/Unity/Hub/Editor/2020.3.6f1/Editor/Data/PlaybackEngines/WindowsStandaloneSupport/UnityEditor.WindowsStandalone.Extensions.dll
Registered in 0.007138 seconds.
Native extension for WindowsStandalone target not found
Refreshing native plugins compatible for Editor in 117.96 ms, found 1 plugins.
Preloading 0 native plugins for Editor in 0.00 ms.
Mono: successfully reloaded assembly
- Completed reload, in  9.837 seconds
Platform modules already initialized, skipping
Registering precompiled user dll's ...
Registered in 0.002608 seconds.
Begin MonoManager ReloadAssembly
Native extension for WindowsStandalone target not found
Refreshing native plugins compatible for Editor in 96.72 ms, found 1 plugins.
Preloading 0 native plugins for Editor in 0.00 ms.
Mono: successfully reloaded assembly
- Completed reload, in  3.352 seconds
Platform modules already initialized, skipping
========================================================================
Worker process is ready to serve import requests
Launched and connected shader compiler UnityShaderCompiler.exe after 0.43 seconds
Refreshing native plugins compatible for Editor in 1.45 ms, found 1 plugins.
Preloading 0 native plugins for Editor in 0.00 ms.
Unloading 1860 Unused Serialized files (Serialized files now loaded: 0)
System memory in use before: 89.5 MB.
System memory in use after: 89.5 MB.

Unloading 24 unused Assets to reduce memory usage. Loaded Objects now: 2309.
Total: 6.497400 ms (FindLiveObjects: 0.996400 ms CreateObjectMapping: 0.341600 ms MarkObjects: 4.537000 ms  DeleteObjects: 0.599600 ms)

========================================================================
Received Import Request.
  path: Assets/Scripts/Background.cs
  artifactKey: Guid(e7aecae92fefcd946b6e7785436f5a03) Importer(815301076,1909f56bfc062723c751e8b465ee728b)
Start importing Assets/Scripts/Background.cs using Guid(e7aecae92fefcd946b6e7785436f5a03) Importer(815301076,1909f56bfc062723c751e8b465ee728b)  -> (artifact id: '88bb750f5cd5c78043e0d6c61e688d20') in 0.120368 seconds
  Import took 0.148951 seconds .

========================================================================
Received Prepare
Registering precompiled user dll's ...
Registered in 0.005321 seconds.
Begin MonoManager ReloadAssembly
Native extension for WindowsStandalone target not found
Refreshing native plugins compatible for Editor in 1.00 ms, found 1 plugins.
Preloading 0 native plugins for Editor in 0.00 ms.
Mono: successfully reloaded assembly
- Completed reload, in  2.886 seconds
Platform modules already initialized, skipping
Switching build target platform(5) subTarget(0) extendedPlatform(0) -> platform(9) subTarget(16777218) extendedPlatform(0)
Refreshing native plugins compatible for Editor in 1.04 ms, found 1 plugins.
Preloading 0 native plugins for Editor in 0.00 ms.
Unloading 1845 Unused Serialized files (Serialized files now loaded: 0)
System memory in use before: 88.0 MB.
System memory in use after: 88.0 MB.

Unloading 12 unused Assets to reduce memory usage. Loaded Objects now: 2313.
Total: 5.362300 ms (FindLiveObjects: 0.486700 ms CreateObjectMapping: 0.141700 ms MarkObjects: 4.349000 ms  DeleteObjects: 0.381100 ms)

AssetImportParameters requested are different than current active one (requested -> active):
  custom:graphics/normal-map-encoding: 01000000000000000000000000000000 -> 02000000000000000000000000000000
========================================================================
Received Import Request.
  Time since last request: 119.672130 seconds.
  path: Assets/Scripts/Background.cs
  artifactKey: Guid(e7aecae92fefcd946b6e7785436f5a03) Importer(815301076,1909f56bfc062723c751e8b465ee728b)
Start importing Assets/Scripts/Background.cs using Guid(e7aecae92fefcd946b6e7785436f5a03) Importer(815301076,1909f56bfc062723c751e8b465ee728b)  -> (artifact id: '611b316e54166f16af2200f5a88ba074') in 0.017878 seconds
  Import took 0.114926 seconds .

========================================================================
Received Prepare
Registering precompiled user dll's ...
Registered in 0.002773 seconds.
Begin MonoManager ReloadAssembly
Native extension for WindowsStandalone target not found
Refreshing native plugins compatible for Editor in 0.94 ms, found 1 plugins.
Preloading 0 native plugins for Editor in 0.00 ms.
Mono: successfully reloaded assembly
- Completed reload, in  3.539 seconds
Platform modules already initialized, skipping
Switching build target platform(5) subTarget(0) extendedPlatform(0) -> platform(9) subTarget(16777218) extendedPlatform(0)
Refreshing native plugins compatible for Editor in 0.96 ms, found 1 plugins.
Preloading 0 native plugins for Editor in 0.00 ms.
Unloading 1845 Unused Serialized files (Serialized files now loaded: 0)
System memory in use before: 88.0 MB.
System memory in use after: 88.0 MB.

Unloading 12 unused Assets to reduce memory usage. Loaded Objects now: 2317.
Total: 6.246200 ms (FindLiveObjects: 0.546300 ms CreateObjectMapping: 0.284500 ms MarkObjects: 5.129700 ms  DeleteObjects: 0.281200 ms)

AssetImportParameters requested are different than current active one (requested -> active):
  custom:graphics/normal-map-encoding: 01000000000000000000000000000000 -> 02000000000000000000000000000000
========================================================================
Received Import Request.
  Time since last request: 364.823080 seconds.
  path: Assets/Scripts/Background.cs
  artifactKey: Guid(e7aecae92fefcd946b6e7785436f5a03) Importer(815301076,1909f56bfc062723c751e8b465ee728b)
Start importing Assets/Scripts/Background.cs using Guid(e7aecae92fefcd946b6e7785436f5a03) Importer(815301076,1909f56bfc062723c751e8b465ee728b)  -> (artifact id: 'b53e3a1c0a5e66c7aa195c012a2a3e74') in 0.015582 seconds
  Import took 0.188170 seconds .

========================================================================
Received Prepare
Registering precompiled user dll's ...
Registered in 0.006902 seconds.
Begin MonoManager ReloadAssembly
Native extension for WindowsStandalone target not found
Refreshing native plugins compatible for Editor in 1.32 ms, found 1 plugins.
Preloading 0 native plugins for Editor in 0.00 ms.
Mono: successfully reloaded assembly
- Completed reload, in  2.955 seconds
Platform modules already initialized, skipping
Switching build target platform(5) subTarget(0) extendedPlatform(0) -> platform(9) subTarget(16777218) extendedPlatform(0)
Refreshing native plugins compatible for Editor in 0.85 ms, found 1 plugins.
Preloading 0 native plugins for Editor in 0.00 ms.
Unloading 1845 Unused Serialized files (Serialized files now loaded: 0)
System memory in use before: 88.0 MB.
System memory in use after: 88.0 MB.

Unloading 12 unused Assets to reduce memory usage. Loaded Objects now: 2321.
Total: 4.632300 ms (FindLiveObjects: 0.528000 ms CreateObjectMapping: 0.145700 ms MarkObjects: 3.697100 ms  DeleteObjects: 0.258100 ms)

AssetImportParameters requested are different than current active one (requested -> active):
  custom:graphics/normal-map-encoding: 01000000000000000000000000000000 -> 02000000000000000000000000000000
========================================================================
Received Import Request.
  Time since last request: 353.202932 seconds.
  path: Assets/Scripts/Background.cs
  artifactKey: Guid(e7aecae92fefcd946b6e7785436f5a03) Importer(815301076,1909f56bfc062723c751e8b465ee728b)
Start importing Assets/Scripts/Background.cs using Guid(e7aecae92fefcd946b6e7785436f5a03) Importer(815301076,1909f56bfc062723c751e8b465ee728b)  -> (artifact id: '73a52ebbc80d3d1c198f9c30d2a09931') in 0.021241 seconds
  Import took 0.065016 seconds .

========================================================================
Received Prepare
Registering precompiled user dll's ...
Registered in 0.002174 seconds.
Begin MonoManager ReloadAssembly
Native extension for WindowsStandalone target not found
Refreshing native plugins compatible for Editor in 0.97 ms, found 1 plugins.
Preloading 0 native plugins for Editor in 0.00 ms.
Mono: successfully reloaded assembly
- Completed reload, in  7.237 seconds
Platform modules already initialized, skipping
Switching build target platform(5) subTarget(0) extendedPlatform(0) -> platform(9) subTarget(16777218) extendedPlatform(0)
Refreshing native plugins compatible for Editor in 5.33 ms, found 1 plugins.
Preloading 0 native plugins for Editor in 0.00 ms.
Unloading 1845 Unused Serialized files (Serialized files now loaded: 0)
System memory in use before: 88.0 MB.
System memory in use after: 88.0 MB.

Unloading 12 unused Assets to reduce memory usage. Loaded Objects now: 2325.
Total: 9.356900 ms (FindLiveObjects: 0.514900 ms CreateObjectMapping: 0.152500 ms MarkObjects: 8.199900 ms  DeleteObjects: 0.485400 ms)

AssetImportParameters requested are different than current active one (requested -> active):
  custom:graphics/normal-map-encoding: 01000000000000000000000000000000 -> 02000000000000000000000000000000
========================================================================
Received Import Request.
  Time since last request: 584.195085 seconds.
  path: ProjectSettings/TagManager.asset
  artifactKey: Guid(00000000000000003000000000000000) Importer(815301076,1909f56bfc062723c751e8b465ee728b)
Start importing ProjectSettings/TagManager.asset using Guid(00000000000000003000000000000000) Importer(815301076,1909f56bfc062723c751e8b465ee728b)  -> (artifact id: '344897d6a176abb03eb1001cc5a63161') in 0.099659 seconds
  Import took 0.120460 seconds .

========================================================================
Received Import Request.
  Time since last request: 44.910948 seconds.
  path: Assets/Prefabs/Cell 5.prefab
  artifactKey: Guid(9c31ec11f3f3e16409ad20b76b1f721c) Importer(815301076,1909f56bfc062723c751e8b465ee728b)
Start importing Assets/Prefabs/Cell 5.prefab using Guid(9c31ec11f3f3e16409ad20b76b1f721c) Importer(815301076,1909f56bfc062723c751e8b465ee728b)  -> (artifact id: '3eba0fd5d9cb99b0a02cd2292224899e') in 0.691329 seconds
  Import took 1.334331 seconds .

========================================================================
Received Import Request.
  Time since last request: 0.000857 seconds.
  path: Assets/Prefabs/Cell 15.prefab
  artifactKey: Guid(e67e4d8cd29c1b748b4d511ad4a93e84) Importer(815301076,1909f56bfc062723c751e8b465ee728b)
Start importing Assets/Prefabs/Cell 15.prefab using Guid(e67e4d8cd29c1b748b4d511ad4a93e84) Importer(815301076,1909f56bfc062723c751e8b465ee728b)  -> (artifact id: 'a25cb7564a3f4b2d37d186f404fad0be') in 0.153056 seconds
  Import took 0.317070 seconds .

========================================================================
Received Import Request.
  Time since last request: 0.000689 seconds.
  path: Assets/Prefabs/Cell 10.prefab
  artifactKey: Guid(135404fe3fcf76e49bafecd193c39284) Importer(815301076,1909f56bfc062723c751e8b465ee728b)
Start importing Assets/Prefabs/Cell 10.prefab using Guid(135404fe3fcf76e49bafecd193c39284) Importer(815301076,1909f56bfc062723c751e8b465ee728b)  -> (artifact id: 'a466d31fbb1b914fa6a94789826c350a') in 0.108221 seconds
  Import took 0.138520 seconds .

========================================================================
Received Import Request.
  Time since last request: 0.000644 seconds.
  path: Assets/Prefabs/Cell Empty.prefab
  artifactKey: Guid(039ff3cb8887ede43b3b5b8e618384b3) Importer(815301076,1909f56bfc062723c751e8b465ee728b)
Start importing Assets/Prefabs/Cell Empty.prefab using Guid(039ff3cb8887ede43b3b5b8e618384b3) Importer(815301076,1909f56bfc062723c751e8b465ee728b)  -> (artifact id: '22d6fb7ee85edc58eeb788f412427954') in 0.113068 seconds
  Import took 0.473972 seconds .

========================================================================
Received Import Request.
  Time since last request: 0.000589 seconds.
  path: Assets/Prefabs/Cell 60.prefab
  artifactKey: Guid(d8e6189e6f955874093f5a7cef294445) Importer(815301076,1909f56bfc062723c751e8b465ee728b)
Start importing Assets/Prefabs/Cell 60.prefab using Guid(d8e6189e6f955874093f5a7cef294445) Importer(815301076,1909f56bfc062723c751e8b465ee728b)  -> (artifact id: 'd1b1f9e983c9d3bb2f65d4710e88d6f4') in 0.384485 seconds
  Import took 0.527449 seconds .

========================================================================
Received Prepare
Registering precompiled user dll's ...
Registered in 0.011983 seconds.
Begin MonoManager ReloadAssembly
Native extension for WindowsStandalone target not found
Refreshing native plugins compatible for Editor in 1.10 ms, found 1 plugins.
Preloading 0 native plugins for Editor in 0.00 ms.
Mono: successfully reloaded assembly
- Completed reload, in 11.844 seconds
Platform modules already initialized, skipping
Switching build target platform(5) subTarget(0) extendedPlatform(0) -> platform(9) subTarget(16777218) extendedPlatform(0)
Refreshing native plugins compatible for Editor in 1.02 ms, found 1 plugins.
Preloading 0 native plugins for Editor in 0.00 ms.
Unloading 1845 Unused Serialized files (Serialized files now loaded: 0)
System memory in use before: 91.2 MB.
System memory in use after: 91.2 MB.

Unloading 13 unused Assets to reduce memory usage. Loaded Objects now: 2336.
Total: 13.402200 ms (FindLiveObjects: 4.783000 ms CreateObjectMapping: 0.780800 ms MarkObjects: 7.500700 ms  DeleteObjects: 0.333700 ms)

AssetImportParameters requested are different than current active one (requested -> active):
  custom:graphics/normal-map-encoding: 01000000000000000000000000000000 -> 02000000000000000000000000000000
