Using pre-set license
Built from '2020.3/staging' branch; Version is '2020.3.6f1 (338bb68529b2) revision 3378102'; Using compiler version '192528614'; Build Type 'Release'
OS: 'Windows 10 Pro; OS build 19042.928; Version 2009; 64bit' Language: 'ru' Physical Memory: 11741 MB
BatchMode: 1, IsHumanControllingUs: 0, StartBugReporterOnCrash: 0, Is64bit: 1, IsPro: 0

 COMMAND LINE ARGUMENTS:
C:\Program Files\Unity\Hub\Editor\2020.3.6f1\Editor\Unity.exe
-adb2
-batchMode
-noUpm
-name
AssetImportWorker0
-projectPath
D:/GitProjects/Biotix Clone
-logFile
Logs/AssetImportWorker0.log
-srvPort
63349
Successfully changed project path to: D:/GitProjects/Biotix Clone
D:/GitProjects/Biotix Clone
Using Asset Import Pipeline V2.
Refreshing native plugins compatible for Editor in 79.36 ms, found 1 plugins.
Preloading 0 native plugins for Editor in 0.00 ms.
Initialize engine version: 2020.3.6f1 (338bb68529b2)
[Subsystems] Discovering subsystems at path C:/Program Files/Unity/Hub/Editor/2020.3.6f1/Editor/Data/Resources/UnitySubsystems
[Subsystems] Discovering subsystems at path D:/GitProjects/Biotix Clone/Assets
GfxDevice: creating device client; threaded=0
Direct3D:
    Version:  Direct3D 11.0 [level 11.1]
    Renderer: AMD Radeon R7 Graphics (ID=0x9874)
    Vendor:   
    VRAM:     5870 MB
    Driver:   27.20.14501.28009
Initialize mono
Mono path[0] = 'C:/Program Files/Unity/Hub/Editor/2020.3.6f1/Editor/Data/Managed'
Mono path[1] = 'C:/Program Files/Unity/Hub/Editor/2020.3.6f1/Editor/Data/MonoBleedingEdge/lib/mono/unityjit'
Mono config path = 'C:/Program Files/Unity/Hub/Editor/2020.3.6f1/Editor/Data/MonoBleedingEdge/etc'
Using monoOptions --debugger-agent=transport=dt_socket,embedding=1,server=y,suspend=n,address=127.0.0.1:56700
Begin MonoManager ReloadAssembly
Registering precompiled unity dll's ...
Register platform support module: C:/Program Files/Unity/Hub/Editor/2020.3.6f1/Editor/Data/PlaybackEngines/WindowsStandaloneSupport/UnityEditor.WindowsStandalone.Extensions.dll
Registered in 0.010551 seconds.
Native extension for WindowsStandalone target not found
Refreshing native plugins compatible for Editor in 107.11 ms, found 1 plugins.
Preloading 0 native plugins for Editor in 0.00 ms.
Mono: successfully reloaded assembly
- Completed reload, in  8.710 seconds
Platform modules already initialized, skipping
Registering precompiled user dll's ...
Registered in 0.004784 seconds.
Begin MonoManager ReloadAssembly
Native extension for WindowsStandalone target not found
Refreshing native plugins compatible for Editor in 68.71 ms, found 1 plugins.
Preloading 0 native plugins for Editor in 0.00 ms.
Mono: successfully reloaded assembly
- Completed reload, in  2.450 seconds
Platform modules already initialized, skipping
========================================================================
Worker process is ready to serve import requests
Launched and connected shader compiler UnityShaderCompiler.exe after 0.17 seconds
Refreshing native plugins compatible for Editor in 0.77 ms, found 1 plugins.
Preloading 0 native plugins for Editor in 0.00 ms.
Unloading 1810 Unused Serialized files (Serialized files now loaded: 0)
System memory in use before: 85.0 MB.
System memory in use after: 85.0 MB.

Unloading 24 unused Assets to reduce memory usage. Loaded Objects now: 2252.
Total: 5.333800 ms (FindLiveObjects: 0.464000 ms CreateObjectMapping: 0.120500 ms MarkObjects: 4.457200 ms  DeleteObjects: 0.288900 ms)

========================================================================
Received Import Request.
  path: Assets/Scripts
  artifactKey: Guid(0eaa4170df167704e83bb4bdd0158358) Importer(815301076,1909f56bfc062723c751e8b465ee728b)
Start importing Assets/Scripts using Guid(0eaa4170df167704e83bb4bdd0158358) Importer(815301076,1909f56bfc062723c751e8b465ee728b)  -> (artifact id: 'ad9f990e4c4fe97d76f0799737450fab') in 0.017879 seconds
  Import took 0.205313 seconds .

========================================================================
Received Import Request.
  Time since last request: 0.000445 seconds.
  path: Assets/Scripts/Cell.cs
  artifactKey: Guid(4fa4c05817dd2374883b8e7c96589841) Importer(815301076,1909f56bfc062723c751e8b465ee728b)
Start importing Assets/Scripts/Cell.cs using Guid(4fa4c05817dd2374883b8e7c96589841) Importer(815301076,1909f56bfc062723c751e8b465ee728b)  -> (artifact id: 'c99b93aed7056e3e364c88fdf50abd4d') in 0.677875 seconds
  Import took 0.684152 seconds .

========================================================================
Received Prepare
Registering precompiled user dll's ...
Registered in 0.002342 seconds.
Begin MonoManager ReloadAssembly
Native extension for WindowsStandalone target not found
Refreshing native plugins compatible for Editor in 0.81 ms, found 1 plugins.
Preloading 0 native plugins for Editor in 0.00 ms.
Mono: successfully reloaded assembly
- Completed reload, in  2.171 seconds
Platform modules already initialized, skipping
Switching build target platform(5) subTarget(0) extendedPlatform(0) -> platform(9) subTarget(16777218) extendedPlatform(0)
Refreshing native plugins compatible for Editor in 0.84 ms, found 1 plugins.
Preloading 0 native plugins for Editor in 0.00 ms.
Unloading 1808 Unused Serialized files (Serialized files now loaded: 0)
System memory in use before: 85.0 MB.
System memory in use after: 85.0 MB.

Unloading 12 unused Assets to reduce memory usage. Loaded Objects now: 2256.
Total: 5.089700 ms (FindLiveObjects: 0.517300 ms CreateObjectMapping: 0.239100 ms MarkObjects: 4.059600 ms  DeleteObjects: 0.269800 ms)

AssetImportParameters requested are different than current active one (requested -> active):
  custom:graphics/normal-map-encoding: 01000000000000000000000000000000 -> 02000000000000000000000000000000
========================================================================
Received Prepare
Registering precompiled user dll's ...
Registered in 0.002231 seconds.
Begin MonoManager ReloadAssembly
Native extension for WindowsStandalone target not found
Refreshing native plugins compatible for Editor in 0.94 ms, found 1 plugins.
Preloading 0 native plugins for Editor in 0.00 ms.
Mono: successfully reloaded assembly
- Completed reload, in  2.852 seconds
Platform modules already initialized, skipping
Switching build target platform(5) subTarget(0) extendedPlatform(0) -> platform(9) subTarget(16777218) extendedPlatform(0)
Refreshing native plugins compatible for Editor in 0.86 ms, found 1 plugins.
Preloading 0 native plugins for Editor in 0.00 ms.
Unloading 1808 Unused Serialized files (Serialized files now loaded: 0)
System memory in use before: 85.0 MB.
System memory in use after: 85.0 MB.

Unloading 12 unused Assets to reduce memory usage. Loaded Objects now: 2260.
Total: 5.514900 ms (FindLiveObjects: 0.535300 ms CreateObjectMapping: 0.166900 ms MarkObjects: 4.507600 ms  DeleteObjects: 0.301400 ms)

AssetImportParameters requested are different than current active one (requested -> active):
  custom:graphics/normal-map-encoding: 01000000000000000000000000000000 -> 02000000000000000000000000000000
========================================================================
Received Import Request.
  Time since last request: 811.214690 seconds.
  path: Assets/Scripts/Cell.cs
  artifactKey: Guid(4fa4c05817dd2374883b8e7c96589841) Importer(815301076,1909f56bfc062723c751e8b465ee728b)
Start importing Assets/Scripts/Cell.cs using Guid(4fa4c05817dd2374883b8e7c96589841) Importer(815301076,1909f56bfc062723c751e8b465ee728b)  -> (artifact id: 'aaadec69fca61ea5a1ce681a8d275a8f') in 0.024192 seconds
  Import took 0.063487 seconds .

========================================================================
Received Prepare
Registering precompiled user dll's ...
Registered in 0.010809 seconds.
Begin MonoManager ReloadAssembly
Native extension for WindowsStandalone target not found
Refreshing native plugins compatible for Editor in 0.92 ms, found 1 plugins.
Preloading 0 native plugins for Editor in 0.00 ms.
Mono: successfully reloaded assembly
- Completed reload, in  2.795 seconds
Platform modules already initialized, skipping
Switching build target platform(5) subTarget(0) extendedPlatform(0) -> platform(9) subTarget(16777218) extendedPlatform(0)
Refreshing native plugins compatible for Editor in 0.85 ms, found 1 plugins.
Preloading 0 native plugins for Editor in 0.00 ms.
Unloading 1808 Unused Serialized files (Serialized files now loaded: 0)
System memory in use before: 85.1 MB.
System memory in use after: 85.0 MB.

Unloading 12 unused Assets to reduce memory usage. Loaded Objects now: 2264.
Total: 6.545400 ms (FindLiveObjects: 0.536900 ms CreateObjectMapping: 0.188200 ms MarkObjects: 5.432900 ms  DeleteObjects: 0.383400 ms)

AssetImportParameters requested are different than current active one (requested -> active):
  custom:graphics/normal-map-encoding: 01000000000000000000000000000000 -> 02000000000000000000000000000000
========================================================================
Received Import Request.
  Time since last request: 1299.702432 seconds.
  path: Assets/Scripts/Cell.cs
  artifactKey: Guid(4fa4c05817dd2374883b8e7c96589841) Importer(815301076,1909f56bfc062723c751e8b465ee728b)
Start importing Assets/Scripts/Cell.cs using Guid(4fa4c05817dd2374883b8e7c96589841) Importer(815301076,1909f56bfc062723c751e8b465ee728b)  -> (artifact id: '04361827aa7cec6bf9284dde740f51de') in 0.025415 seconds
  Import took 0.071288 seconds .

========================================================================
Received Import Request.
  Time since last request: 61.407906 seconds.
  path: Assets/Prefabs/Cell 5.prefab
  artifactKey: Guid(9c31ec11f3f3e16409ad20b76b1f721c) Importer(815301076,1909f56bfc062723c751e8b465ee728b)
Start importing Assets/Prefabs/Cell 5.prefab using Guid(9c31ec11f3f3e16409ad20b76b1f721c) Importer(815301076,1909f56bfc062723c751e8b465ee728b)  -> (artifact id: '6883f5fe5b12c5b128e47f8cb9a4de65') in 0.328065 seconds
  Import took 0.456105 seconds .

========================================================================
Received Import Request.
  Time since last request: 9.320706 seconds.
  path: Assets/Prefabs/Cell 5.prefab
  artifactKey: Guid(9c31ec11f3f3e16409ad20b76b1f721c) Importer(815301076,1909f56bfc062723c751e8b465ee728b)
Start importing Assets/Prefabs/Cell 5.prefab using Guid(9c31ec11f3f3e16409ad20b76b1f721c) Importer(815301076,1909f56bfc062723c751e8b465ee728b)  -> (artifact id: '54ed9fc0f0fe44645293e8272da61802') in 0.056049 seconds
  Import took 0.093066 seconds .

========================================================================
Received Import Request.
  Time since last request: 3.488627 seconds.
  path: Assets/Prefabs/Cell 10.prefab
  artifactKey: Guid(0b83ad5cd498a3b4bb698ff552aff2ae) Importer(815301076,1909f56bfc062723c751e8b465ee728b)
Start importing Assets/Prefabs/Cell 10.prefab using Guid(0b83ad5cd498a3b4bb698ff552aff2ae) Importer(815301076,1909f56bfc062723c751e8b465ee728b)  -> (artifact id: '93f3165d5190f99c84ba3e59b40ef6b9') in 0.097702 seconds
  Import took 0.185645 seconds .

========================================================================
Received Import Request.
  Time since last request: 3.875126 seconds.
  path: Assets/Prefabs/Cell 10.prefab
  artifactKey: Guid(0b83ad5cd498a3b4bb698ff552aff2ae) Importer(815301076,1909f56bfc062723c751e8b465ee728b)
Start importing Assets/Prefabs/Cell 10.prefab using Guid(0b83ad5cd498a3b4bb698ff552aff2ae) Importer(815301076,1909f56bfc062723c751e8b465ee728b)  -> (artifact id: '478042503bf2167f2ef032ad7eebe3eb') in 0.056796 seconds
  Import took 0.152078 seconds .

========================================================================
Received Import Request.
  Time since last request: 1.593533 seconds.
  path: Assets/Prefabs/Cell 15.prefab
  artifactKey: Guid(27bab6b9f244c4b49a97f706c84b9894) Importer(815301076,1909f56bfc062723c751e8b465ee728b)
Start importing Assets/Prefabs/Cell 15.prefab using Guid(27bab6b9f244c4b49a97f706c84b9894) Importer(815301076,1909f56bfc062723c751e8b465ee728b)  -> (artifact id: '98a00f8b33e6d870f544a6bdffc697c5') in 0.131252 seconds
  Import took 0.142384 seconds .

========================================================================
Received Import Request.
  Time since last request: 4.355317 seconds.
  path: Assets/Prefabs/Cell 15.prefab
  artifactKey: Guid(27bab6b9f244c4b49a97f706c84b9894) Importer(815301076,1909f56bfc062723c751e8b465ee728b)
Start importing Assets/Prefabs/Cell 15.prefab using Guid(27bab6b9f244c4b49a97f706c84b9894) Importer(815301076,1909f56bfc062723c751e8b465ee728b)  -> (artifact id: '58884a9c35804dca51539b3f71aedec2') in 0.098940 seconds
  Import took 0.109195 seconds .

========================================================================
Received Import Request.
  Time since last request: 1.604576 seconds.
  path: Assets/Prefabs/Cell 60.prefab
  artifactKey: Guid(4a5b9c4abf7a43245b0b1df8870d31b8) Importer(815301076,1909f56bfc062723c751e8b465ee728b)
Start importing Assets/Prefabs/Cell 60.prefab using Guid(4a5b9c4abf7a43245b0b1df8870d31b8) Importer(815301076,1909f56bfc062723c751e8b465ee728b)  -> (artifact id: '3bc18b1f3072995c94499b8512c10f6b') in 0.146052 seconds
  Import took 0.156625 seconds .

========================================================================
Received Import Request.
  Time since last request: 10.903232 seconds.
  path: Assets/Prefabs/Cell 60.prefab
  artifactKey: Guid(4a5b9c4abf7a43245b0b1df8870d31b8) Importer(815301076,1909f56bfc062723c751e8b465ee728b)
Start importing Assets/Prefabs/Cell 60.prefab using Guid(4a5b9c4abf7a43245b0b1df8870d31b8) Importer(815301076,1909f56bfc062723c751e8b465ee728b)  -> (artifact id: 'cef83bfa2e1057516240cea98c3bedda') in 0.045900 seconds
  Import took 0.056177 seconds .

========================================================================
Received Prepare
Registering precompiled user dll's ...
Registered in 0.004421 seconds.
Begin MonoManager ReloadAssembly
Native extension for WindowsStandalone target not found
Refreshing native plugins compatible for Editor in 1.06 ms, found 1 plugins.
Preloading 0 native plugins for Editor in 0.00 ms.
Mono: successfully reloaded assembly
- Completed reload, in  3.258 seconds
Platform modules already initialized, skipping
Switching build target platform(5) subTarget(0) extendedPlatform(0) -> platform(9) subTarget(16777218) extendedPlatform(0)
Refreshing native plugins compatible for Editor in 0.86 ms, found 1 plugins.
Preloading 0 native plugins for Editor in 0.00 ms.
Unloading 1808 Unused Serialized files (Serialized files now loaded: 0)
System memory in use before: 88.2 MB.
System memory in use after: 88.1 MB.

Unloading 12 unused Assets to reduce memory usage. Loaded Objects now: 2275.
Total: 6.154300 ms (FindLiveObjects: 0.524500 ms CreateObjectMapping: 0.212900 ms MarkObjects: 5.082000 ms  DeleteObjects: 0.331100 ms)

AssetImportParameters requested are different than current active one (requested -> active):
  custom:graphics/normal-map-encoding: 01000000000000000000000000000000 -> 02000000000000000000000000000000
========================================================================
Received Import Request.
  Time since last request: 25.988628 seconds.
  path: Assets/Prefabs/Cell Empty.prefab
  artifactKey: Guid(5db83194441caf247bcab16880f75699) Importer(815301076,1909f56bfc062723c751e8b465ee728b)
Start importing Assets/Prefabs/Cell Empty.prefab using Guid(5db83194441caf247bcab16880f75699) Importer(815301076,1909f56bfc062723c751e8b465ee728b)  -> (artifact id: '93c02dfee17fbd581ab85f7e9ee27f16') in 0.222564 seconds
  Import took 0.243253 seconds .

========================================================================
Received Import Request.
  Time since last request: 4.839589 seconds.
  path: Assets/Prefabs/Cell Empty.prefab
  artifactKey: Guid(5db83194441caf247bcab16880f75699) Importer(815301076,1909f56bfc062723c751e8b465ee728b)
Start importing Assets/Prefabs/Cell Empty.prefab using Guid(5db83194441caf247bcab16880f75699) Importer(815301076,1909f56bfc062723c751e8b465ee728b)  -> (artifact id: 'be91b0715da5633fe94f61e9fd3f0940') in 0.078483 seconds
  Import took 0.088361 seconds .

========================================================================
Received Prepare
Registering precompiled user dll's ...
Registered in 0.004285 seconds.
Begin MonoManager ReloadAssembly
Native extension for WindowsStandalone target not found
Refreshing native plugins compatible for Editor in 1.54 ms, found 1 plugins.
Preloading 0 native plugins for Editor in 0.00 ms.
Mono: successfully reloaded assembly
- Completed reload, in  7.236 seconds
Platform modules already initialized, skipping
Switching build target platform(5) subTarget(0) extendedPlatform(0) -> platform(9) subTarget(16777218) extendedPlatform(0)
Refreshing native plugins compatible for Editor in 2.40 ms, found 1 plugins.
Preloading 0 native plugins for Editor in 0.00 ms.
Unloading 1808 Unused Serialized files (Serialized files now loaded: 0)
System memory in use before: 88.2 MB.
System memory in use after: 88.2 MB.

Unloading 12 unused Assets to reduce memory usage. Loaded Objects now: 2280.
Total: 14.202200 ms (FindLiveObjects: 0.993000 ms CreateObjectMapping: 0.375100 ms MarkObjects: 10.885700 ms  DeleteObjects: 1.942900 ms)

AssetImportParameters requested are different than current active one (requested -> active):
  custom:graphics/normal-map-encoding: 01000000000000000000000000000000 -> 02000000000000000000000000000000
========================================================================
Received Prepare
Registering precompiled user dll's ...
Registered in 0.012421 seconds.
Begin MonoManager ReloadAssembly
Native extension for WindowsStandalone target not found
Refreshing native plugins compatible for Editor in 2.95 ms, found 1 plugins.
Preloading 0 native plugins for Editor in 0.00 ms.
Mono: successfully reloaded assembly
- Completed reload, in  3.858 seconds
Platform modules already initialized, skipping
Switching build target platform(5) subTarget(0) extendedPlatform(0) -> platform(9) subTarget(16777218) extendedPlatform(0)
Refreshing native plugins compatible for Editor in 1.43 ms, found 1 plugins.
Preloading 0 native plugins for Editor in 0.00 ms.
Unloading 1808 Unused Serialized files (Serialized files now loaded: 0)
System memory in use before: 88.2 MB.
System memory in use after: 88.2 MB.

Unloading 12 unused Assets to reduce memory usage. Loaded Objects now: 2284.
Total: 7.009800 ms (FindLiveObjects: 0.499300 ms CreateObjectMapping: 0.162700 ms MarkObjects: 5.320900 ms  DeleteObjects: 1.023400 ms)

AssetImportParameters requested are different than current active one (requested -> active):
  custom:graphics/normal-map-encoding: 01000000000000000000000000000000 -> 02000000000000000000000000000000
========================================================================
Received Prepare
Registering precompiled user dll's ...
Registered in 0.002295 seconds.
Begin MonoManager ReloadAssembly
Native extension for WindowsStandalone target not found
Refreshing native plugins compatible for Editor in 2.37 ms, found 1 plugins.
Preloading 0 native plugins for Editor in 0.00 ms.
Mono: successfully reloaded assembly
- Completed reload, in  5.466 seconds
Platform modules already initialized, skipping
Switching build target platform(5) subTarget(0) extendedPlatform(0) -> platform(9) subTarget(16777218) extendedPlatform(0)
Refreshing native plugins compatible for Editor in 0.93 ms, found 1 plugins.
Preloading 0 native plugins for Editor in 0.00 ms.
Unloading 1808 Unused Serialized files (Serialized files now loaded: 0)
System memory in use before: 88.2 MB.
System memory in use after: 88.2 MB.

Unloading 12 unused Assets to reduce memory usage. Loaded Objects now: 2288.
Total: 5.533800 ms (FindLiveObjects: 0.518100 ms CreateObjectMapping: 0.167800 ms MarkObjects: 4.550300 ms  DeleteObjects: 0.293500 ms)

AssetImportParameters requested are different than current active one (requested -> active):
  custom:graphics/normal-map-encoding: 01000000000000000000000000000000 -> 02000000000000000000000000000000
========================================================================
Received Prepare
Registering precompiled user dll's ...
Registered in 0.006884 seconds.
Begin MonoManager ReloadAssembly
Native extension for WindowsStandalone target not found
Refreshing native plugins compatible for Editor in 2.34 ms, found 1 plugins.
Preloading 0 native plugins for Editor in 0.00 ms.
Mono: successfully reloaded assembly
- Completed reload, in  4.165 seconds
Platform modules already initialized, skipping
Switching build target platform(5) subTarget(0) extendedPlatform(0) -> platform(9) subTarget(16777218) extendedPlatform(0)
Refreshing native plugins compatible for Editor in 0.84 ms, found 1 plugins.
Preloading 0 native plugins for Editor in 0.00 ms.
Unloading 1808 Unused Serialized files (Serialized files now loaded: 0)
System memory in use before: 88.2 MB.
System memory in use after: 88.2 MB.

Unloading 12 unused Assets to reduce memory usage. Loaded Objects now: 2292.
Total: 5.472400 ms (FindLiveObjects: 0.528400 ms CreateObjectMapping: 0.257000 ms MarkObjects: 4.374900 ms  DeleteObjects: 0.307900 ms)

AssetImportParameters requested are different than current active one (requested -> active):
  custom:graphics/normal-map-encoding: 01000000000000000000000000000000 -> 02000000000000000000000000000000
========================================================================
Received Prepare
Registering precompiled user dll's ...
Registered in 0.002391 seconds.
Begin MonoManager ReloadAssembly
Native extension for WindowsStandalone target not found
Refreshing native plugins compatible for Editor in 0.98 ms, found 1 plugins.
Preloading 0 native plugins for Editor in 0.00 ms.
Mono: successfully reloaded assembly
- Completed reload, in  3.450 seconds
Platform modules already initialized, skipping
Switching build target platform(5) subTarget(0) extendedPlatform(0) -> platform(9) subTarget(16777218) extendedPlatform(0)
Refreshing native plugins compatible for Editor in 0.88 ms, found 1 plugins.
Preloading 0 native plugins for Editor in 0.00 ms.
Unloading 1808 Unused Serialized files (Serialized files now loaded: 0)
System memory in use before: 88.2 MB.
System memory in use after: 88.2 MB.

Unloading 12 unused Assets to reduce memory usage. Loaded Objects now: 2296.
Total: 5.324300 ms (FindLiveObjects: 0.582300 ms CreateObjectMapping: 0.148500 ms MarkObjects: 4.256300 ms  DeleteObjects: 0.333700 ms)

AssetImportParameters requested are different than current active one (requested -> active):
  custom:graphics/normal-map-encoding: 01000000000000000000000000000000 -> 02000000000000000000000000000000
========================================================================
Received Import Request.
  Time since last request: 806.267898 seconds.
  path: Assets/Prefabs/Cell 60.prefab
  artifactKey: Guid(4a5b9c4abf7a43245b0b1df8870d31b8) Importer(815301076,1909f56bfc062723c751e8b465ee728b)
Start importing Assets/Prefabs/Cell 60.prefab using Guid(4a5b9c4abf7a43245b0b1df8870d31b8) Importer(815301076,1909f56bfc062723c751e8b465ee728b)  -> (artifact id: '95de8e325d2697ccd8a712e325323bef') in 0.235158 seconds
  Import took 0.242250 seconds .

========================================================================
Received Import Request.
  Time since last request: 5.428803 seconds.
  path: Assets/Prefabs/Cell 5.prefab
  artifactKey: Guid(9c31ec11f3f3e16409ad20b76b1f721c) Importer(815301076,1909f56bfc062723c751e8b465ee728b)
Start importing Assets/Prefabs/Cell 5.prefab using Guid(9c31ec11f3f3e16409ad20b76b1f721c) Importer(815301076,1909f56bfc062723c751e8b465ee728b)  -> (artifact id: '0195dc99d1772b0ffa66029348a61347') in 0.054892 seconds
  Import took 0.061914 seconds .

========================================================================
Received Import Request.
  Time since last request: 0.000598 seconds.
  path: Assets/Prefabs/Cell 10.prefab
  artifactKey: Guid(0b83ad5cd498a3b4bb698ff552aff2ae) Importer(815301076,1909f56bfc062723c751e8b465ee728b)
Start importing Assets/Prefabs/Cell 10.prefab using Guid(0b83ad5cd498a3b4bb698ff552aff2ae) Importer(815301076,1909f56bfc062723c751e8b465ee728b)  -> (artifact id: '93814480fcda8f327be8c3eef22fde10') in 0.061743 seconds
  Import took 0.073261 seconds .

========================================================================
Received Import Request.
  Time since last request: 0.000405 seconds.
  path: Assets/Prefabs/Cell Empty.prefab
  artifactKey: Guid(5db83194441caf247bcab16880f75699) Importer(815301076,1909f56bfc062723c751e8b465ee728b)
Start importing Assets/Prefabs/Cell Empty.prefab using Guid(5db83194441caf247bcab16880f75699) Importer(815301076,1909f56bfc062723c751e8b465ee728b)  -> (artifact id: '5e74d8b34dfc10b1f89e0893c1596f4f') in 0.054124 seconds
  Import took 0.321639 seconds .

========================================================================
Received Import Request.
  Time since last request: 0.000536 seconds.
  path: Assets/Prefabs/Cell 15.prefab
  artifactKey: Guid(27bab6b9f244c4b49a97f706c84b9894) Importer(815301076,1909f56bfc062723c751e8b465ee728b)
Start importing Assets/Prefabs/Cell 15.prefab using Guid(27bab6b9f244c4b49a97f706c84b9894) Importer(815301076,1909f56bfc062723c751e8b465ee728b)  -> (artifact id: '7552f4e32788c09602385e79d645a48b') in 0.048285 seconds
  Import took 0.231259 seconds .

========================================================================
Received Prepare
Registering precompiled user dll's ...
Registered in 0.004739 seconds.
Begin MonoManager ReloadAssembly
Native extension for WindowsStandalone target not found
Refreshing native plugins compatible for Editor in 0.95 ms, found 1 plugins.
Preloading 0 native plugins for Editor in 0.00 ms.
Mono: successfully reloaded assembly
- Completed reload, in  3.085 seconds
Platform modules already initialized, skipping
Switching build target platform(5) subTarget(0) extendedPlatform(0) -> platform(9) subTarget(16777218) extendedPlatform(0)
Refreshing native plugins compatible for Editor in 1.71 ms, found 1 plugins.
Preloading 0 native plugins for Editor in 0.00 ms.
Unloading 1808 Unused Serialized files (Serialized files now loaded: 0)
System memory in use before: 88.2 MB.
System memory in use after: 88.2 MB.

Unloading 12 unused Assets to reduce memory usage. Loaded Objects now: 2301.
Total: 5.418400 ms (FindLiveObjects: 0.521400 ms CreateObjectMapping: 0.200200 ms MarkObjects: 4.422200 ms  DeleteObjects: 0.270500 ms)

AssetImportParameters requested are different than current active one (requested -> active):
  custom:graphics/normal-map-encoding: 01000000000000000000000000000000 -> 02000000000000000000000000000000
========================================================================
Received Import Request.
  Time since last request: 281.235391 seconds.
  path: Assets/Prefabs/Cell 5.prefab
  artifactKey: Guid(9c31ec11f3f3e16409ad20b76b1f721c) Importer(815301076,1909f56bfc062723c751e8b465ee728b)
Start importing Assets/Prefabs/Cell 5.prefab using Guid(9c31ec11f3f3e16409ad20b76b1f721c) Importer(815301076,1909f56bfc062723c751e8b465ee728b)  -> (artifact id: '79b385c8af3e0ea09a74599c343024b9') in 0.415633 seconds
  Import took 0.428787 seconds .

========================================================================
Received Prepare
Registering precompiled user dll's ...
Registered in 0.002275 seconds.
Begin MonoManager ReloadAssembly
Native extension for WindowsStandalone target not found
Refreshing native plugins compatible for Editor in 0.97 ms, found 1 plugins.
Preloading 0 native plugins for Editor in 0.00 ms.
Mono: successfully reloaded assembly
- Completed reload, in  3.674 seconds
Platform modules already initialized, skipping
Switching build target platform(5) subTarget(0) extendedPlatform(0) -> platform(9) subTarget(16777218) extendedPlatform(0)
Refreshing native plugins compatible for Editor in 0.96 ms, found 1 plugins.
Preloading 0 native plugins for Editor in 0.00 ms.
Unloading 1855 Unused Serialized files (Serialized files now loaded: 0)
System memory in use before: 91.2 MB.
System memory in use after: 90.5 MB.

Unloading 25 unused Assets to reduce memory usage. Loaded Objects now: 2340.
Total: 6.319800 ms (FindLiveObjects: 0.588700 ms CreateObjectMapping: 0.283700 ms MarkObjects: 4.285200 ms  DeleteObjects: 1.157900 ms)

AssetImportParameters requested are different than current active one (requested -> active):
  custom:graphics/normal-map-encoding: 01000000000000000000000000000000 -> 02000000000000000000000000000000
========================================================================
Received Prepare
Registering precompiled user dll's ...
Registered in 0.002229 seconds.
Begin MonoManager ReloadAssembly
Native extension for WindowsStandalone target not found
Refreshing native plugins compatible for Editor in 0.92 ms, found 1 plugins.
Preloading 0 native plugins for Editor in 0.00 ms.
Mono: successfully reloaded assembly
- Completed reload, in  3.327 seconds
Platform modules already initialized, skipping
Switching build target platform(5) subTarget(0) extendedPlatform(0) -> platform(9) subTarget(16777218) extendedPlatform(0)
Refreshing native plugins compatible for Editor in 0.92 ms, found 1 plugins.
Preloading 0 native plugins for Editor in 0.00 ms.
Unloading 1855 Unused Serialized files (Serialized files now loaded: 0)
System memory in use before: 91.2 MB.
System memory in use after: 90.5 MB.

Unloading 25 unused Assets to reduce memory usage. Loaded Objects now: 2344.
Total: 8.755700 ms (FindLiveObjects: 0.910800 ms CreateObjectMapping: 0.529700 ms MarkObjects: 6.076300 ms  DeleteObjects: 1.233200 ms)

AssetImportParameters requested are different than current active one (requested -> active):
  custom:graphics/normal-map-encoding: 01000000000000000000000000000000 -> 02000000000000000000000000000000
========================================================================
Received Import Request.
  Time since last request: 450.989963 seconds.
  path: Assets/Prefabs/Cell 5.prefab
  artifactKey: Guid(9c31ec11f3f3e16409ad20b76b1f721c) Importer(815301076,1909f56bfc062723c751e8b465ee728b)
Start importing Assets/Prefabs/Cell 5.prefab using Guid(9c31ec11f3f3e16409ad20b76b1f721c) Importer(815301076,1909f56bfc062723c751e8b465ee728b)  -> (artifact id: '17d83e7eee681a3db5dfb3556c94a6b1') in 0.476790 seconds
  Import took 0.491619 seconds .

========================================================================
Received Import Request.
  Time since last request: 2.921482 seconds.
  path: Assets/Prefabs/Cell 5.prefab
  artifactKey: Guid(9c31ec11f3f3e16409ad20b76b1f721c) Importer(815301076,1909f56bfc062723c751e8b465ee728b)
Start importing Assets/Prefabs/Cell 5.prefab using Guid(9c31ec11f3f3e16409ad20b76b1f721c) Importer(815301076,1909f56bfc062723c751e8b465ee728b)  -> (artifact id: '4e8e64af8e82c96aaecc4832e53bfa59') in 0.152976 seconds
  Import took 0.179623 seconds .

========================================================================
Received Import Request.
  Time since last request: 2.957782 seconds.
  path: Assets/Prefabs/Cell 5.prefab
  artifactKey: Guid(9c31ec11f3f3e16409ad20b76b1f721c) Importer(815301076,1909f56bfc062723c751e8b465ee728b)
Start importing Assets/Prefabs/Cell 5.prefab using Guid(9c31ec11f3f3e16409ad20b76b1f721c) Importer(815301076,1909f56bfc062723c751e8b465ee728b)  -> (artifact id: '0a9b75c947f65b0b23dcafb553cf8762') in 0.145710 seconds
  Import took 0.275039 seconds .

========================================================================
Received Import Request.
  Time since last request: 5.463177 seconds.
  path: Assets/Prefabs/Cell 5.prefab
  artifactKey: Guid(9c31ec11f3f3e16409ad20b76b1f721c) Importer(815301076,1909f56bfc062723c751e8b465ee728b)
Start importing Assets/Prefabs/Cell 5.prefab using Guid(9c31ec11f3f3e16409ad20b76b1f721c) Importer(815301076,1909f56bfc062723c751e8b465ee728b)  -> (artifact id: 'd3893c126ace46269d37bc54ab267b26') in 0.114385 seconds
  Import took 0.123961 seconds .

========================================================================
Received Import Request.
  Time since last request: 1270.684502 seconds.
  path: Assets/Prefabs/Cell 5.prefab
  artifactKey: Guid(9c31ec11f3f3e16409ad20b76b1f721c) Importer(815301076,1909f56bfc062723c751e8b465ee728b)
Start importing Assets/Prefabs/Cell 5.prefab using Guid(9c31ec11f3f3e16409ad20b76b1f721c) Importer(815301076,1909f56bfc062723c751e8b465ee728b)  -> (artifact id: 'bce723e97c8b23de35eafa4d301bd055') in 0.119029 seconds
  Import took 0.130629 seconds .

========================================================================
Received Import Request.
  Time since last request: 107.465637 seconds.
  path: Assets/Prefabs/Cell 5.prefab
  artifactKey: Guid(9c31ec11f3f3e16409ad20b76b1f721c) Importer(815301076,1909f56bfc062723c751e8b465ee728b)
Start importing Assets/Prefabs/Cell 5.prefab using Guid(9c31ec11f3f3e16409ad20b76b1f721c) Importer(815301076,1909f56bfc062723c751e8b465ee728b)  -> (artifact id: 'c0b3f773d55aad6b91159582830e80f4') in 0.244753 seconds
  Import took 0.312620 seconds .

========================================================================
Received Import Request.
  Time since last request: 4.012492 seconds.
  path: Assets/Prefabs/Cell 5.prefab
  artifactKey: Guid(9c31ec11f3f3e16409ad20b76b1f721c) Importer(815301076,1909f56bfc062723c751e8b465ee728b)
Start importing Assets/Prefabs/Cell 5.prefab using Guid(9c31ec11f3f3e16409ad20b76b1f721c) Importer(815301076,1909f56bfc062723c751e8b465ee728b)  -> (artifact id: '1e2a7f2d171ee781f8cdc356b42517dd') in 0.126306 seconds
  Import took 0.136166 seconds .

AssetImportWorkerClient::OnTransportError - code=2 error=End of file
